13910
24156
758
1171
2419
25899
39833
61132
1763
790
877
12237
1140
1373
1003
959
23248
50684
1391
865
22933
56718
70709
6775
1629
44835
30776
3468
1176
927
773
638
1150
15870
30399
30565
16805
50674
40057
25533
17801
55194
1478
70248
1014
1353
46451
41951
1042
26339
871
1248
98178
1761
2006
750
34121
1148
22874
825
743
20008
2565
1522
62470
3373
817
32813
15628
15132
37137
27388
739
20290
8799
23224
46856
943
34126
3208
1228
18620
23879
1268
26396
14621
19621
9326
2529
47234
2819
7876
1563
19136
21272
35416
33756
794
2804
3336
43547
30019
1484
887
1709
70547
33444
34873
23849
66832
51039
2419
98320
525
26972
705
56970
879
1347
2051
14226
67380
3340
18428
51621
16841
745
50080
35010
55313
31269
2226
61052
29469
39231
21435
831
868
833
13307
2610
55768
1262
10619
13744
62435
14581
27370
705
1789
812
19565
7211
915
3098
18892
8019
13887
14936
44434
18797
28718
859
941
10848
962
36476
14454
638
22618
15908
22805
17713
593
2499
2389
3556
16055
775
24607
68146
14240
40382
1657
1145
767
823
1710
4120
35368
17010
28322
80611
5452
19515
14298
58329
549
811
885
4995
1168
969
18157
66294
28134
45339
913
16837
982
13844
5819
28864
3766
11794
18034
23066
1144
97249
10892
41324
1623
3071
8078
11648
22744
954
26078
506
20201
23094
18461
26284
74713
19188
18896
15772
34393
1291
28770
18115
53937
908
68184
28542
43733
50164
1718
799
20650
19447
1293
575
3508
732
13144
25243
25551
58443
11945
1089
72269
1611
999
866
5198
2196
1021
2538
722
1694
3345
765
35063
3756
2002
31468
2515
1165
2634
55310
27450
17273
946
16999
1767
13806
1318
18508
1175
50860
1176
706
63494
35866
1291
643
984
31446
23850
38883
34664
52542
30319
3589
890
774
916
2869
18531
1669
1031
1882
60773
13134
13403
12383
19417
15998
2159
20583
2549
914
52951
946
64676
1227
80307
31950
36845
2394
52447
4293
4319
36028
16601
2013
28242
1278
31452
40088
914
1119
37618
52703
1143
912
98847
31389
873
1258
1136
34714
20278
1161
33905
39207
2502
26888
13480
36064
857
77256
21643
882
26525
1320
1736
28597
6367
27710
24888
557
37488
1900
28012
28757
49677
49394
29185
1272
1272
3262
1652
750
971
19469
18069
720
794
526
1554
24979
932
14134
56997
2138
30402
31743
1200
1482
1181
1289
744
16346
842
660
1021
1512
35934
10182
711
27995
1478
50934
1182
48633
1339
1035
5861
60315
832
716
17390
12851
1745
938
14108
16261
23733
774
943
25998
21578
779
15521
15876
35199
2989
14430
2089
35914
718
2719
48362
31727
24656
884
14017
2952
5377
2943
1532
18009
981
1047
64438
954
1609
1556
47204
879
4367
18694
4651
713
746
2010
41453
793
650
2105
1957
2083
1069
15047
57158
657
23224
1076
786
6176
28644
80139
974
40569
700
2168
3310
2380
12828
39911
1705
3378
856
1676
2015
77387
14983
17260
1333
89884
40758
5400
36764
978
24673
21866
26167
29106
2841
1515
22806
39927
36153
905
19680
1568
8275
42495
92364
4721
1634
1128
29308
36821
33700
2765
42345
18277
1778
25496
2228
25889
14750
16964
4113
766
30801
67203
1813
33946
3046
90760
21818
14936
17311
49785
1272
33509
50981
21401
38654
14007
14367
1094
10866
18767
20943
1047
18983
21702
2031
919
1168
1032
1386
1879
2091
21328
22225
36061
31660
1055
15665
811
60935
3522
52979
1346
25653
32808
864
25963
37078
1004
9850
16794
2166
939
1768
1161
18141
21077
17751
521
63933
920
27119
6809
3087
23767
46207
856
91895
3189
657
12794
1017
28515
20987
30551
90368
1484
47072
979
1234
3660
22176
626
650
1015
34376
23841
1002
35617
21363
13853
29522
1474
831
623
932
34720
1094
11816
51499
891
843
23444
1142
1934
733
14346
3788
4393
1198
14391
66370
27297
30914
3601
1099
9382
985
2967
23835
58327
19835
16320
33463
661
4728
1904
94547
22085
92911
1129
791
26296
59148
17960
39808
2423
72256
48740
839
67716
747
34097
21396
2980
14706
41105
26876
34235
1314
606
583
23591
20810
15583
19732
30706
30822
18554
2443
24009
26045
60083
14307
25959
1514
724
28805
8062
2302
876
29285
13166
22372
51379
3421
72786
34212
1065
572
18980
30421
11283
28902
28505
1594
1290
1290
14138
723
2092
40512
2644
937
66137
31721
772
19130
31100
26354
859
44864
1089
724
5010
22710
26402
1094
903
28040
1049
37859
789
832
671
17848
1858
14324
7272
81215
1385
1997
2745
33842
8263
50612
22740
35419
2359
51261
1077
564
25089
2148
554
875
24968
842
41081
17713
17383
17858
1335
19767
913
1583
64495
4687
2147
1284
34415
2145
14649
20017
58970
613
20925
4216
4226
7389
11213
57545
