99
75
103
97
85
61
109
7
77
71
49
27
107
109
111
3
57
103
77
55
59
29
13
51
111
47
91
25
107
11
103
15
59
27
57
109
9
25
23
35
87
105
77
83
41
99
69
81
43
5
71
35
95
31
25
31
107
107
5
65
19
3
19
67
77
87
109
83
69
29
63
57
43
55
89
55
25
5
25
29
71
101
15
15
73
31
61
7
103
43
35
69
37
25
75
15
17
61
77
83
83
29
55
29
61
49
83
11
47
35
49
3
57
19
35
95
61
43
85
87
59
95
111
77
105
55
83
29
89
83
109
93
49
103
11
19
69
95
35
3
97
61
45
17
97
109
63
81
75
53
7
81
107
109
51
53
93
25
51
11
39
57
103
95
65
77
65
111
103
85
109
43
59
81
71
75
103
19
51
47
113
39
89
53
37
91
87
91
83
5
77
113
63
85
97
83
103
19
11
91
95
49
89
73
7
67
7
3
51
37
33
57
51
101
29
111
79
47
103
81
45
49
63
47
29
35
83
49
89
47
83
15
57
29
29
15
69
7
35
97
57
83
73
11
23
15
69
83
11
31
35
39
65
17
61
19
59
107
83
107
33
23
75
85
29
55
7
15
57
101
67
51
35
73
91
79
3
81
17
15
17
31
83
29
37
33
59
49
11
65
-1
39
57
43
59
45
51
65
79
47
69
113
5
79
17
79
29
95
87
83
51
37
9
43
7
55
11
61
65
111
29
27
5
59
1
89
45
111
83
69
51
19
35
43
39
113
41
77
3
31
93
15
95
5
91
79
93
53
103
81
97
11
33
39
41
1
45
85
65
19
59
109
5
21
111
61
113
49
15
103
49
3
45
81
77
43
5
101
53
89
37
69
3
101
91
3
7
39
101
49
31
9
21
15
45
51
33
43
83
55
55
15
65
41
97
113
69
13
45
89
91
23
107
83
25
107
47
61
31
47
45
103
93
91
107
79
55
59
19
91
93
83
23
97
101
31
41
31
63
9
39
71
83
69
89
65
101
61
37
29
3
51
7
29
55
19
19
111
75
83
83
15
79
49
49
59
59
19
45
25
83
41
93
13
71
109
29
79
53
101
17
75
11
31
97
77
57
97
77
61
59
39
37
75
55
113
81
109
87
113
49
107
43
39
53
3
87
11
81
61
5
93
59
35
3
35
37
5
41
9
69
21
87
21
83
81
71
33
33
89
25
49
77
63
61
63
43
29
77
37
93
23
97
107
43
93
25
91
53
63
73
95
23
99
89
65
109
49
101
3
91
21
93
65
113
107
71
49
93
41
97
29
5
1
43
59
65
99
37
3
105
41
83
7
45
61
81
85
19
3
57
47
103
55
9
31
89
33
75
55
53
41
59
33
65
63
23
21
63
5
57
43
99
21
75
73
47
77
91
33
69
55
17
31
111
11
65
11
85
9
75
31
49
69
29
69
15
109
49
81
95
27
65
109
109
11
13
39
109
85
25
81
19
35
29
83
87
29
71
3
69
59
59
71
23
3
53
49
89
107
79
57
107
55
35
57
35
109
31
79
79
59
19
55
113
35
85
91
29
31
55
89
59
37
83
109
51
99
15
25
55
53
3
103
29
19
75
97
13
79
99
105
91
63
61
81
5
65
83
77
43
5
23
103
87
91
103
37
105
41
43
91
57
51
27
109
41
39
29
53
57
113
45
55
97
55
19
71
7
37
63
65
69
13
23
59
25
49
23
27
5
71
39
31
5
47
65
25
65
49
97
87
93
3
95
47
69
95
75
7
11
3
13
65
95
21
71
55
29
91
89
81
67
53
81
3
75
23
65
61
49
23
83
57
29
49
97
19
79
87
55
25
95
73
95
97
31
33
51
37
91
3
29
95
19
71
51
15
109
81
37
3
83
29
91
57
73
71
51
15
89
63
41
23
91
9
61
43
13
85
57
99
21
81
79
63
109
5
23
105
21
89
87
111
13
19
77
93
103
21
83
47
67
37
47
53
107
71
85
63
7
59
15
35
29
35
65
115
97
113
31
23
51
25
19
85
25
75
43
9
89
99
91
31
103
33
7
7
41
5
15
7
89
47
3
51
25
61
101
1
49
39
91
37
81
3
93
59
55
53
83
71
61
71
77
67
71
69
39
109
113
25
47
23
3
77
25
47
17
99
3
107
7
55
97
89
49
49
11
109
101
23
69
65
109
73
31
107
57
11
23
107
25
7
75
83
5
5
25
11
49
93
75
43
97
103
113
77
65
95
19
21
97
57
23
69
77
73
99
61
