-1
-1
48445278114
-1
40616250614
-1
-1
40028691064
-1
-1
-1
-1
-1
-1
-1
45673818886
49025479058
49490559510
-1
-1
-1
38221381628
-1
-1
42978418210
-1
48985563716
45841886724
-1
-1
-1
-1
42005657856
-1
43252474802
-1
41308414806
-1
-1
-1
46645435658
-1
-1
-1
45387614484
-1
-1
43574344274
46337202268
44480836194
43354876530
43888472802
48334591826
46172807188
-1
42515589794
46415346572
-1
-1
-1
-1
-1
46847328992
-1
41865665134
45570769866
46881515352
-1
46488352222
-1
44547265816
-1
-1
-1
44084385040
42824034438
43386597848
-1
46617740502
-1
-1
-1
-1
-1
-1
-1
42985700638
-1
51906488768
42510933690
43651802306
44645578916
48169345748
-1
-1
45384023470
-1
-1
-1
-1
