-42604
0
15469
63655
-152199
-102062
-1
-12287
-26123
-94203962
26393
0
36993
93272
-44019
1
-13074
-75312
-33791
-23354
-1
2
-76892
1711
111108
338346276
-1
-22116
2
27682
10079
-19145
-2227
35136
-1
-72252
-71143
-96720663
1
-26095472
-4030
1
-11544
0
111439361
-37352
-1362
-72042
-37209
42334
-73584
-170139
-902933211
-28104
252
-75530
-5148
0
-1
51718
46263
72397
26358
0
1
47401
9018
-49251
2
-15898
-2105
-596
-40411
-18832
-13234
112693
398613054
31777
156238
0
-19724
-114056
161739
47816
-17444
-2111
-146925
2
2
-616174318
4900
1
-22149
0
1
75438322
1
-40598
-47381
1
