235118030
699918971
430865692
80346613
848027326
568710394
340195238
190991083
826211664
180951671
569935857
679922008
650993948
624850177
428416731
646484944
727440627
230673871
429374754
412788182
52678570
76241310
668853821
636690710
209140532
869111458
915919167
837020724
313374684
328391122
903923336
739916149
302171950
857295594
594471003
138073939
261180902
319174264
224097862
708033237
455622504
340167798
285243734
881697211
939650006
203277774
279550676
714031414
201682092
683465152
24703152
682335574
550366585
665852647
334162679
590444139
169800333
319711280
639224574
832450337
96075610
758296543
711072542
53172862
694343794
369129551
763752138
668056407
784812401
236316167
907857849
268704471
940561345
442453825
444164236
575116401
12942409
180734189
212215611
194845841
82978482
463661909
337873526
160913659
302209255
651398065
628946135
891240759
383080075
4536841
95657004
234571542
147602227
82577854
398332471
116440181
469179975
472521343
735160500
26630876
461111426
550005012
403438026
893872965
789137952
138026226
532459787
304283500
199273979
408812142
489009637
342691899
896843935
747020295
601818409
104701501
418131836
441473099
94406177
177117624
491839250
151107006
785394719
474631154
87844519
741027239
232464928
842813045
906947204
513385732
150272371
652597658
644820233
650108401
707631285
282116373
750460724
742145720
196730061
937802937
291281270
987870422
227986156
646412709
419860882
376493474
698036942
165808084
139462556
748874932
163624280
185003439
586390514
320070177
380244656
700755819
142166096
750504381
346101510
130082499
773108180
935928644
284338392
707391881
280968747
876695190
73108009
913783174
608920242
84548206
771705372
216341497
521033135
350015060
517156592
388106155
359960514
703424758
138293048
807627811
213473937
771336607
162770250
289215061
162803733
413849437
372936065
824289610
958580668
1068790
345757576
392961596
420885301
732214934
754933442
621344004
905908779
715589998
115547920
4467681
949388525
70981364
744227314
968080635
974394079
715416628
254625128
748296635
675731681
650648336
126094717
61629168
229297415
852373653
203835847
997434253
38486004
431866086
835011231
271679848
511062860
738631121
224887579
100534811
40218197
130339645
100173976
804569801
252982438
711162287
378199911
429018076
903117831
578933415
621926671
135803599
697603120
366797493
447241197
507112723
387374983
806831049
55492171
607674931
212409305
494886660
293522733
46527147
428705661
13385948
475881929
971843572
645328506
515484837
93970283
82967090
521099959
902567710
649620013
963220395
787821069
56337060
927195313
976865420
366717269
508850583
563142790
923255173
190368478
141965653
207728471
560563323
844725871
217612507
756359824
241997140
645216405
151526976
806121835
238462447
735948063
559804394
496135093
651133914
365584359
821828922
10545271
662851632
44254534
318142770
278623987
630683315
55097465
981248642
637386312
585067138
888266212
478452161
387145414
220934145
309436744
497853058
623648461
598213508
707927169
63506976
430464154
182227161
856043443
560700389
921241867
854339926
685221767
558589507
750491678
356623648
765303814
94923559
975821193
766040110
269476974
991694505
446101758
901255111
214312333
23730598
16380606
493335055
300045653
556778346
520530443
705594075
748750924
21736092
727181049
185480877
965436172
911298406
764517795
967104408
187091084
308413460
707612061
374064896
667482579
552585920
719305948
956837851
787488842
963614997
61967642
1261189
934561552
328744281
746477051
908763815
781678345
997729540
808409109
485497910
722955880
481256377
981854159
226399403
996920542
221027984
400663362
43663056
287803686
747517929
334298010
251663208
520898243
395226096
623470523
134759986
783109321
791634193
300839539
374048998
655762434
925372414
265670323
655767166
391684257
653565022
107157269
120178467
317267788
197865479
266891737
956015823
193623640
287006390
670684461
341994017
967171168
250472074
977952219
678511281
589819142
944169234
980274679
868673031
991776957
563707918
137334144
510030038
567651150
309760128
907909267
45685528
150849560
92906231
910862576
207881302
459325979
870691716
424290895
922325680
170814741
213046489
548422265
517999485
258119748
185859032
148247772
812063135
3535002
897413179
260986046
862915390
890216587
28697423
526308597
163948927
283073797
239448261
555164178
863809578
638066009
961752704
383547174
607904505
835342542
201422920
399666497
192426750
789383570
93527340
765224830
856220510
655994787
267019988
174005160
487573635
680029140
754487704
309832582
281769200
459923376
776799964
182925707
131129334
731631025
484020688
899850515
231430096
918971186
528274805
107299328
545318133
510045154
987659135
569110954
84029049
534680133
737338215
198726267
711584992
399272372
291935594
928714815
459535320
163600157
785951302
810451482
275143443
999187114
785666151
752520774
916160194
739551384
38088511
549679583
201409806
542119388
733596202
694559742
886547241
674935503
161450775
507303469
853777218
14378452
977920543
605037112
650538673
565623301
839362073
257155982
826016179
19794924
448171788
518171059
180120795
102942125
113800113
565528177
977971046
170677582
540670580
280097473
815104463
528671215
286520112
487681771
337059322
395849820
648417111
446347784
138243524
950782628
376009043
179534256
423369960
542815855
263112837
241833091
126103357
761288953
702732749
710776103
125387332
985906079
481454548
64506981
905208434
16799192
87975445
28772602
560136946
571931834
432778735
776415672
490168826
886144270
871679189
703246875
875686723
961325697
542007238
805907127
642273930
494424428
438815853
659320822
298702300
774319038
793550474
868256627
450718239
962392180
5155278
909197113
813692081
891048895
845141895
601005566
796361343
552295540
425193692
938137668
101486677
744268981
140505570
949711919
549086010
471173222
801125020
896404649
973492190
936179141
558767475
256823328
196452780
814336842
72780802
70127505
297358989
270136764
997346252
97614245
490273770
463523170
384219389
429075039
738699876
664199195
82793816
986344313
966222599
888565452
779033241
186575705
799491672
963574223
347291441
114739370
507853299
831209519
60898824
322874268
454473940
438888192
734482977
905136778
967305880
936148954
802571324
266847893
473778783
264950016
447867550
552898968
237287754
411399874
182209294
147101173
288325608
81393272
444770100
807851977
210311267
731660060
12665408
176700706
753612995
957221330
295369404
984391948
200630919
316353852
915482343
954171448
658144555
147310547
168978006
120273970
562455165
489851815
101967549
395125767
960182765
179158480
851181560
45940849
934294022
297977478
390270330
346428350
821862529
926660814
738303156
192340689
974221161
636783310
312592905
630402656
502635656
467052682
58733616
651816941
616635772
753123140
109854749
376874245
385299639
357722809
634198822
994739479
334878330
699275112
777156585
685526417
844033954
141868553
937284344
950901721
993651665
154290777
13776612
432003193
790188807
43205745
66539925
104399061
361253215
349315321
580565182
549778603
958177884
94960283
58905469
894185739
485511260
777901574
602021250
746788772
933969522
993902329
27743398
459309758
125484971
414683633
575430874
707825872
162478103
469975427
507921279
810994075
979832659
494597394
417037997
154118542
134667692
674450821
824773366
490196404
516382989
269885795
723877514
718946576
282826118
564090474
919232837
11618936
244391153
317367869
982389584
938376853
28302050
941813477
716491973
183461483
880601061
97236186
891586319
82402530
750314096
949264309
641088263
761232381
878962643
521716551
249232725
943935043
889880412
743180437
52344226
155756929
722128762
951834804
71668764
887384128
996774111
844093423
108857981
385621250
792262328
879355900
118412114
297141450
699884202
785901474
757814698
901871351
283714962
521237308
167468448
686256702
883958592
834385026
940606992
952634175
548062117
795405386
661285740
570636451
867935964
536920258
63726196
280962032
367140997
216873325
814016584
722268482
578433638
716821045
234345785
169541362
940767966
961990795
6641219
883314739
922283006
787039252
153222015
152352839
537925970
16749789
890268141
835045237
187371425
303892781
29404984
456835159
469916724
382319242
887106057
736853671
6877065
887699185
48814146
28835753
891363746
716788583
764728467
316951184
995495689
401968216
785723248
799929879
466719323
644981263
343128726
438304670
477792160
956115133
736403586
321602128
233297308
950638126
903849400
978584155
220175824
395675430
28945066
662101428
756181579
634525562
284362088
974930774
837242314
998759527
974860079
581058374
262092443
441192156
15577271
76650757
851116385
77839544
429316129
63017539
818692313
676967230
432358099
564265479
615709829
619795269
281639077
848325646
479447131
940158097
136652525
550535540
214848865
641597132
429029345
132453329
939470511
387556974
814661457
95737150
894188007
227943594
393935018
113333418
231000555
765874406
521896112
66837594
760320488
601401583
237600242
25231532
346642342
805397022
261079286
734467057
529876774
160267162
645191736
598691780
267233522
944427000
615731261
491064966
202064015
937455255
2104422
430283732
708354902
908183397
12765108
96594268
424536631
999771722
311395844
264892192
249147455
619744812
223855324
619725294
340521994
32227015
427863805
562599809
596642898
351007921
409879742
542740324
607315287
916270563
239514645
285912013
328646966
202511972
814427784
781089987
758228712
964037175
883765243
965303885
927597745
363900159
118569356
854240223
503708710
4712251
432011247
230169416
154979315
72075881
534949886
66020208
380711947
413550539
42747726
707573027
897983134
248688690
448101977
381653563
349563392
639098854
310375343
810655647
157406575
283839586
48149508
281226396
492940614
415627909
780647386
809821600
615036210
786933338
524684801
533477994
152348843
763747288
39403042
971173911
507128168
182077640
930753816
449712769
299825604
388402783
155371750
29163254
800306922
51426492
349085639
348436665
192324181
622255399
151049721
156166150
440783535
877348463
62422006
315545377
751108315
489098006
845794902
440085363
993147973
25697498
574509954
697219784
633859986
534453904
965934032
985496049
72499427
674810066
364215732
678675533
203536356
541579525
72154137
32263753
818049664
185814716
384260346
3601475
95759240
84082077
993798279
342049553
690743399
627341996
4548986
63564228
926401096
916879901
989869896
804510557
339298220
574284267
732541129
523187871
588313004
446651789
56068789
352331857
760616598
261467865
682304361
969239057
941860837
712266837
936376506
980612452
74426728
959049430
65691683
660784772
442366979
929690097
993553397
879847275
85706918
267183974
939627763
559903668
961353561
997398863
335643304
885980167
873693550
933594381
196508916
738205433
673735156
939803370
877948662
438386963
933109118
734460058
267570562
475280948
243855913
410681166
624346482
841528692
115202097
54869182
712278202
154255447
885998437
857567823
138739976
958867166
98613244
735676019
944546685
887886801
920310026
337644136
440024586
498134871
234874893
674275863
635940780
677488804
751331175
886650047
430533553
742161083
216405853
56264228
798705655
144812386
660605400
752215332
950794402
157013827
91893178
357667821
29104146
750956584
110799833
245630047
764079716
346916182
130817019
913568866
1640210
993057638
214040887
835410187
286508010
618175805
66491054
99674367
288301925
628537840
8384347
931993614
580258088
61695096
998111881
170510923
283533435
395410210
263030007
220143849
246970975
386245577
526576081
382352652
382711851
853708782
755264304
147976672
172288405
733280578
190118792
719406902
29988567
633807807
565392535
162993365
825754632
59760689
675675764
149029379
995225690
460822087
93920331
533563048
523610407
273982893
224837198
268295655
704982040
801697003
452252458
645220449
683622768
208844972
778938121
250548858
775292164
97494546
491165589
895562653
444505534
443414903
960255334
290445580
366451388
421527965
808127895
984652928
111791736
719806234
275097215
324455035
408332989
691312331
951186190
804889191
351025403
704185023
370717007
169094355
582158017
975728747
81101101
812672774
206821890
556938655
128102449
160426199
714903314
387331790
869643520
622763719
669496600
839016374
282725751
10334752
59643855
52539137
866051065
909899398
55763323
180475854
77242003
303848876
802552835
819555955
845189273
768502355
103377632
468777275
590749255
771054724
113843182
647401389
508314088
463804053
781593798
757284799
533104425
437974611
918649626
168712168
769453367
172504994
122053414
435842113
399500544
114518493
513587991
814739545
644108701
861652018
888992835
438468206
203364506
330517139
84433315
436723755
206415623
68753351
823280174
380270283
786343417
346114058
384785699
536873660
826644181
728708878
660476235
298335356
59223833
342936443
564223529
742413852
825362249
789435388
514503464
124944845
186872401
446745831
553773491
732540577
564441683
41598752
664674407
885229449
859499227
58862089
7154908
521059236
383668255
578885182
364651815
548975454
440443333
992549780
344589310
443120114
755899565
392161410
152489959
16427892
30121757
568903654
95354081
587424896
527493908
717216939
232200598
880704302
22459614
546151410
44133152
5289458
538440127
493299849
957049655
39548328
123122215
532513502
846152357
263518126
883207433
570243196
238557751
2619741
589837616
547267056
559098231
55045560
31135254
150736227
386478558
617000741
206629503
614806574
192748131
836304851
834431409
361826486
890168798
262943030
298654109
673427294
974586691
100331958
396922388
182987456
913925576
203220802
249302916
718569020
605406185
977470925
834624751
300791706
133350105
127936604
684316449
168826514
281329110
779292502
832198796
160935930
782475494
599326531
988841589
244606652
709813886
228250884
701488958
400372161
486884985
962940513
170141764
95340241
950747034
555822096
310119659
68540349
112552325
32578634
89534918
687070210
583406858
577576816
337544549
551001360
40918684
700035415
308889229
992359936
533544180
288539074
32439579
303599181
720264058
206828614
200694524
338816998
173630918
836821240
693283152
526161427
508515380
654905785
953676639
963951232
740261597
936326494
885218340
854472000
296595730
816688200
123840324
670437680
405536268
603635150
50339300
841829307
512954717
220741692
848553624
491237000
830329137
526399449
870629990
638588781
748090301
375628762
562560891
522951391
658169772
97864532
823238295
668049118
469804343
842204911
70877116
522474771
760553859
606262691
77545901
988985547
888319999
75152952
134637733
578828137
466963953
156560334
145148928
816840836
987290145
441410872
955768552
546632616
901038652
72420590
839613152
231646054
744263512
207351853
151862480
695045047
611270054
528242349
62093072
452442697
121071162
63218320
68909541
325189158
96076
114428943
71681936
587507690
945990551
777174613
990686970
987283053
695630568
859874724
318613923
919822579
218948673
540036167
348331919
905581846
667236948
498239163
649436808
545846301
812885941
25917823
519978306
756333625
651972909
800190925
839793038
181657538
910015839
825495043
754174223
620684952
958410680
758419205
379433052
776280689
983527701
204239439
39582512
781424822
1612386
975173447
197039426
568161683
38783026
922706250
803023626
607414106
426875798
399385085
626290089
471107687
198743275
56766007
5500273
959482570
329722007
502452274
596104843
820976562
160062491
80782577
483235172
631225786
195476193
669813677
270833192
602114484
397435411
810495938
721053309
333865415
838084055
200511586
289771456
682472450
728283484
861159487
283621213
326506842
80442277
324079351
150583913
166356084
339949624
61124668
218116042
660155625
256869307
932279117
328603971
716918346
933087329
63363957
919904768
641828495
668793865
83537457
660152524
810295101
479143284
106102068
502182792
622565464
309661385
20593675
263025103
972369670
676257064
666976048
43243176
120649172
897960138
65009635
923262669
941422153
320023524
630656931
525737009
668087949
498271280
923053745
318116059
320370752
730182013
169977267
780202574
837544079
910500048
271866677
879330710
476426221
62296927
513846776
205032590
889070640
654454171
892078304
641962812
789277065
293975975
394586816
82258522
176766423
227064763
62027758
525622504
525898408
437158320
72025396
582051596
738253573
877907547
459327240
296228370
706053326
370978233
825727070
914816965
616260679
666894918
738701581
774346909
930514692
656297728
285003988
10883363
7028273
617233800
350072996
97978284
354949955
311412442
648652817
617251121
874072417
569257901
246379206
115644111
253263347
127588312
204621780
895190991
502082894
158247854
511363739
581494508
286593881
4944654
510758468
25688301
770701626
749197209
277269377
894088862
623622109
738723082
140631378
693916662
826553025
665915582
847609272
833161367
72550290
540234357
697881602
506065972
891255631
168525621
290142264
319281718
571896318
350680749
894684194
807690921
254191364
780442578
354940277
230690646
54262594
362784405
395282506
826382767
247024576
772568734
290548212
581171648
63182455
336090945
345430641
917544431
718459874
160153922
506213683
176701457
551365174
697467638
587138074
834768443
541948295
680723168
892561465
593460042
967086736
655434918
122241146
616710110
524737787
712936143
442299120
506518244
529850097
412613069
191778428
7056727
776605841
971636254
835121996
73305068
300309192
755545164
780393763
141574886
4597304
340170262
678382685
622466921
297711703
235093664
584584660
583111482
212051837
71063847
571293890
685258180
29036204
402538565
251630914
224978684
170043851
200677148
258715513
141163537
964313289
135195348
542066085
156156433
894451254
759417804
347520379
514877697
972047648
545506422
377569022
259413219
329014731
795414518
727543050
282399536
761520352
177515078
409601991
216857812
555375899
792089935
320781325
827582393
668370136
974673080
827391962
64111588
90937835
76692057
263464815
183619087
475638803
581780469
671500174
788774437
967341013
644494291
966008787
309497061
884484308
146210569
953163872
881741975
600032120
441508790
596304391
255792206
869282999
496011908
781857289
383364586
521066927
600603123
444489403
804872417
370356559
864778761
508265924
660883493
150626818
26803999
34894911
599783389
480409146
19211301
599065129
742952621
530177516
779184573
831644888
427390122
882315496
940598703
144838393
563442446
329565808
146603438
632754170
8327255
446558306
309717316
425243901
400268174
426305781
821074624
250437810
496849641
637172299
573539460
209111320
415062086
900460942
903479815
378777694
360313262
70111775
875220524
971135839
948088079
895373478
470588876
539199848
581659876
489440109
339864571
539576678
693167148
215152831
672974238
236164929
240423720
715657636
485983859
814855289
416397392
932861771
167491284
801241971
541213877
696355315
178857963
592119394
957356467
611920395
931199649
833043626
954315389
519445138
97667374
861387310
873502861
120975748
668136291
983628553
899939806
857647598
468523265
398919047
457543456
669595167
286592048
676396144
315409146
824153299
341423827
49366253
921484464
684857366
388160700
928858532
990449006
614832700
131120787
816291413
459613543
720145467
571123558
501039163
882448303
984390931
63921886
831385777
866275289
497386137
864256097
721845782
511284373
838514228
328961735
204737674
854529801
128046756
424487358
966907605
407344863
448391495
435200508
229014136
722785816
412008450
264000524
434099140
962306488
318356962
271445246
440486571
564970161
977659270
267025389
149712501
798940716
276780383
685151015
807225408
163394667
215592613
148156131
64817048
193245248
735835936
485533593
299384479
628095275
837873561
328346972
398272421
830210223
641594930
50034082
497198593
437180651
658788367
117600389
744726253
469343934
223494628
81087299
349324747
869709266
302491567
490414515
780548025
833299719
114087816
169663820
945383951
827125731
256755584
457512326
235257322
687664122
647371054
628448980
169674467
381148715
157041162
256524240
727505979
361788730
17864785
148375019
663918603
143564602
39589446
792628860
45311109
351182983
809317859
833775720
999138407
781454678
907569001
685853726
602898087
607913905
719207359
808118586
639025695
478311635
425803718
520659394
58447332
571556128
549037691
335655550
378894079
495052292
322968729
269472982
295536853
670167974
611990083
840468587
530646963
796196744
450018633
78769316
328314565
586670928
155352608
2231610
330675771
253723623
738970818
779132121
653531580
941193863
515325275
418139095
916888083
603657429
342021698
694305914
63276010
985347928
94078347
740906838
252449271
690107162
799814481
57819820
475746121
284953384
575352918
496097784
600624730
213037087
864745924
439196003
892144326
621466937
608117819
551634079
612159005
515333467
375443741
789040386
174237337
875136688
296099589
260182741
237249516
296487214
93003363
733096055
182681135
870224828
502732915
664649440
773864885
929377931
97979797
764728099
998649128
681549184
47395207
510365633
632938144
401645497
154264510
684323793
639888208
74051018
302286809
264123012
924920630
677248262
812727738
288249592
281434242
758587744
423905519
445950661
487447882
737589222
988822905
162220226
867229732
521331156
410888938
339424684
153301108
724631825
131195340
51464330
568509122
406124247
188747062
235398959
985998483
263225111
143662058
762424168
685629394
282835882
983812708
455583353
68322958
224155462
293290137
200461447
567800616
985745246
7868711
453849691
256353701
164457594
649648229
357017106
690603000
524268711
473552809
944787741
181829322
696236735
47198035
562846784
644986813
959782901
373359949
358991623
818302575
652514122
561377020
122420228
318576090
514072276
799293839
136229435
334559247
483404945
880423542
907421678
791061616
605351392
871579913
57441040
941997557
737364829
180309139
553486367
307215921
176110714
646598050
867808045
341298845
919038532
455578697
633796335
715627043
177838517
669076441
181433621
630571473
78586327
314030675
638169048
927105863
949208618
923843898
525297063
668206319
363055584
854047099
192390724
16502913
248108332
712146665
964469572
780614718
443633561
477715923
813334300
371823390
291715288
911797982
965450371
887881331
486838211
849148265
64893560
15131979
725243603
403996169
624727280
848358863
609787052
140545671
335115663
142013198
396850314
94440420
686793451
627082033
689609395
123507215
325748799
524992445
249080193
939124539
676801812
808182310
115192457
214590490
105297038
421037864
546618044
143587839
598418420
883932234
688509218
418037491
567166344
962446420
691915492
810394628
657520221
757189501
333121738
169267227
79426662
145401305
446507364
217631768
934178981
774113065
831965808
238700835
179429987
277258128
41952669
484658789
829583799
752544272
494528191
651322135
858526006
208441237
512731838
245487644
345382603
436786514
783068892
224631601
413626443
199706734
576347184
13556398
962142613
755442173
651229216
217066957
959677935
893655483
491910874
330226381
411600213
30235297
793339656
741302751
673500955
614101663
107371118
657772889
452649952
584904603
973429088
695277390
649077892
256387002
53875548
446352975
428008481
435089445
633377360
290828538
839547509
345983717
530502820
376092831
979752522
723424837
493258054
555308542
627445466
22082416
294397878
996498244
395827067
946671674
163148614
860535624
825775801
899759378
507477344
968695372
42172092
224865064
804052265
191633814
653852486
854758345
700674688
170160439
200981543
981961792
216259099
32263274
592286109
709930882
861660656
180423641
929618657
792095424
325865530
632686703
565861104
394974890
140231697
814320254
924771774
682858266
577841860
149994976
99269831
42167216
607676034
567533034
260628596
453742124
248592538
654361989
314331373
701323696
618035833
129623797
919046948
843702987
201976122
669928629
1833763
155298002
411957833
313850704
755494928
601996964
637391376
339951956
998742295
54663433
273437593
267953536
919894730
610684231
336230882
269541769
821025990
941702757
378855028
11588376
933886757
649131637
6947755
28820660
151011004
666367657
707705923
407246477
383969920
416194071
809219449
901232589
217554121
527557741
671251275
131487544
592226481
689060621
644833742
958325498
56877372
793198365
594137868
859659437
293503662
379789145
287705333
390258731
136244666
872313526
673608430
142207951
808127417
530780871
647868644
9267425
441036540
642217980
490041241
592407871
507500585
706801064
551128197
886262447
965932693
449252195
245490847
635770292
290633322
684518886
745507006
382179283
927743650
657616754
221728433
554932868
45240184
299567679
201766549
817492316
923359825
747166732
651213619
378597573
506857922
510322291
935217238
299749131
756572663
594282394
860890733
868204267
133482364
142290885
836464141
284330681
189040379
689661538
630761681
202485208
526708925
169055962
663568178
948499983
688269319
425101399
767113389
772080750
950341315
664813691
16951788
125786690
194245789
128761706
853901303
845806616
682497887
470372861
711892066
194147217
674053125
854074755
912036666
431631912
683081259
714795045
765273285
508915672
380687465
569561460
879122144
376778509
982769476
551535267
90497992
355910253
247389902
861352975
982748645
378476263
680610046
559535315
355739761
932925230
823746259
131830401
611825723
160580246
363410166
303277985
548830920
334549278
715663352
50185170
68800546
553763031
501307170
935662143
806349059
574677748
317119558
906206051
882670803
549230438
531426896
254486627
837909365
570635807
575126018
232891152
415426562
479254313
253972124
396990869
386506634
750601396
150536882
46190558
944514924
51560925
221671111
109699688
935722409
503071246
562315661
553781761
837726891
278699601
630565797
917431665
562298924
175008140
937803608
331155733
909682032
433082762
955258584
47423197
388330408
311896898
363725661
17514404
105844252
180132633
895822759
92473621
648090474
256326598
588088707
803312056
247250012
948340561
626037237
965797092
534048053
17364656
766607173
180908763
756141694
583407181
220772982
3554728
550688787
125608282
3333077
326211434
577975341
153131273
642819821
207626847
133004208
370580653
84066210
181781401
571303134
413322523
711277949
573582434
932717885
291599535
95356557
991523404
155757209
750392481
948805123
206543396
376541984
951594432
253761628
846808677
482750291
595734127
333962812
951139594
513877308
309995690
561131694
218568058
991314768
490599893
607609467
37408938
846272192
370974309
247208860
404776529
249175005
409515509
287976995
151436501
71237343
73139555
744855674
639178564
344143189
622853055
333233220
906899321
602115068
253982028
925812009
529650683
976512146
249946049
239689148
597989516
450749724
131995101
517974043
971041900
933359706
637323591
425625315
20839926
386748303
254111990
794502237
950094430
141520125
169423807
709851515
136014243
279795800
729220905
857302462
89757708
636704164
445772532
614550765
780522720
864447044
175647965
34668263
434705098
308750738
551229523
916036431
673862152
284415202
239144288
508869258
228649847
968545514
336721946
408766723
368884224
982380794
334583680
487013564
88547505
999136587
93443160
431676437
655185207
246779146
89707264
104226024
114710439
115805615
977050944
944631240
162183141
462904547
288087052
793256333
662050165
38744218
831804428
473658338
86756538
490687674
340495607
581315468
895023239
720118568
122350138
13918798
479191811
732571338
57920431
174555784
629703416
294428200
99104347
631337181
283104073
883847186
967256132
287762466
458125102
903341547
290518608
626122339
54630280
572469838
398138366
312692171
438994329
999101289
734866183
253992893
312330589
68648821
259004736
523046777
592281977
29995294
51625938
566851971
914538884
9784229
472546094
931443757
447045717
639009136
491525516
780947334
528941497
595203003
535369025
303381729
470295953
728056235
475076219
865658646
18371074
909249801
715616960
304960320
462874903
158656249
493371420
94901069
27727668
944719970
428091877
226181855
452472631
494513499
685392179
179618528
658601980
905492546
403464024
119133694
955877037
635475276
127354854
557921752
559013064
993795145
527886652
124979623
837445111
148359958
151512474
790676268
161616229
391273942
226373464
370757173
377495123
920169944
316843697
146830562
44828992
746533390
88303187
983669673
530662118
173764966
355564643
423389787
341698553
546684949
120789785
443378329
908639635
920565378
544060398
185558489
821201730
478564110
764265938
395869954
886527564
882548090
38925669
908089601
156079813
868146168
555082929
135444561
183903769
513519276
956199905
546982501
758410948
355424384
558357283
229045056
393014815
274129534
421822207
290233429
738738571
280685792
468062449
867157001
931639347
961811113
691815603
622837486
240906592
6309347
114539942
388948246
532777527
657406697
659613683
399720415
979110523
631423577
836000037
262086358
501148479
734457760
767942397
563486621
52565741
338923619
560821877
55343887
522072661
38823746
219372709
354941739
271076986
613673666
877226338
466249203
373662828
731147272
879840502
78637851
126928204
926429389
796552848
436017871
131998247
980574561
226247454
77721155
735515701
629527116
944998949
446683097
930214812
320031631
536773585
694601955
266951150
230085298
778416730
173158339
954151826
778947699
231873493
415041235
260165491
617278988
408673275
718478061
419008069
456158943
316343024
144545085
893615843
46316438
337527263
969219076
590697766
17329420
176775154
797121332
879835484
911646168
821772178
394800736
813134590
560140534
403287525
770731902
4101910
104797474
355290944
919025350
219439687
382385878
523289407
371964845
406769453
124139561
50426439
791661037
325272297
201018502
970430820
375061966
464460377
380713486
717646718
950053913
311514623
584014474
895929981
529270997
907921005
105870405
411637789
82858765
864906567
912313325
418320084
606569830
509856640
245320943
766733680
947493462
587709319
217224120
800389328
766861584
9833722
466116069
765023091
622604147
578598620
127750662
472591285
569001530
530400424
20811332
604986860
751932525
368105362
209529940
689625530
861430263
9758808
152226866
199134740
968354348
763760237
715820809
93003375
860559963
173879824
212279750
858085881
232286127
459494217
853391496
491595578
806967026
481924072
98593151
655866768
733826619
481017368
1572535
806115860
519941398
896787008
644600377
888073945
114294082
593576972
469694971
601969073
646599805
476660205
856573506
322114157
275361325
540257446
42735286
120293891
750309492
977195573
119310297
269473462
113039126
717809197
293452642
321171374
762142555
671027480
926434112
262871263
555896495
70934539
700363383
498782102
745521483
769325134
77452019
210599721
705019967
664006783
842137873
643672677
878635278
225154743
372016432
651373359
712606439
90152165
579734603
167157193
807882151
98288360
288907172
509530860
449207743
430460833
977422249
750753953
895131625
806286519
599731507
471633156
445368555
189861880
995276295
492851969
255281257
593331442
941269715
305655071
571145407
295112317
119958558
285955986
665334876
642153585
257174152
651985585
718905953
875117224
646829060
495454054
481245283
309846371
594049968
964551312
599865367
158843186
601966666
851905465
618150264
101613107
503535308
321080136
48379455
800303190
715477891
928484656
537275340
191181531
854519617
447172713
574523588
776912260
456965388
256551350
728748400
540765190
426492034
127904565
78878238
585301903
429063349
540860628
837683704
498054266
544211277
949537985
975331107
475486693
587519005
613061359
702416178
145345318
549129090
942389580
427369603
519191168
278312614
880966831
843745838
828616347
14680820
326964137
786013537
587577703
230901732
561213629
739036699
490867075
546607139
299427526
915807464
126364219
43933792
656456269
132922871
517792988
743072917
231069285
362496469
649612478
975351348
379532970
957562725
687991044
443509169
418842261
755248304
21724880
426834685
312927051
280233357
504314926
997475433
849896090
193876209
939782824
303722620
207218711
558636259
705773907
97749418
13281234
667382087
592611978
205095748
230850853
86729267
21942087
754253654
676318459
743823498
282233552
648877567
310054040
487043988
932960819
625228514
933383599
779471768
77940887
549729109
127933290
446236186
72613682
61953893
912040347
213527247
154482445
97657219
196400854
866315023
585426981
328539248
134840258
623974302
980701397
434317235
717412931
384205011
588292674
317506018
580251227
988713020
71549647
711363035
911207513
771497290
467968622
107138660
906847200
189099710
70200175
583688679
602254880
653299064
612796265
386483533
148344741
787793189
443630352
95407006
962764651
803266484
251209773
942037551
241923496
544320915
133164606
373490717
123371718
144917289
291913745
711755207
464796194
896090521
239698872
908534336
654806141
146243397
179798108
226015449
445350494
813147992
17587884
311598355
79146725
869310277
891023934
643222836
420679009
872873702
479952669
722568715
682363391
792484320
906425810
796589194
497128453
191078666
158785597
450225360
340192369
56075408
128595690
546561399
603963274
257730400
831268354
432582940
72445363
775353125
454670735
703604699
559791389
981403794
748345917
823034731
199262695
974833476
650106714
383420771
939177156
735733282
141767324
337818838
25418095
449204503
845524107
330722980
126469310
129631767
701085501
847359478
569235867
508469314
322434856
812233302
304906214
652434307
448107064
471542152
42882597
972742840
542002290
530588997
691921287
157708973
37227460
345697637
55122861
599277325
671677222
945050531
175679005
372787183
901001491
275433039
197985874
605657148
913054616
880636039
732349797
7770340
49964753
911447419
476423723
279762018
556717270
82533147
703074196
425542829
95076623
777895732
556389128
828217982
824650110
374429805
975972408
524500329
137403958
945115610
567453383
912618910
446430427
476809183
843522929
579547625
997402508
366613719
576720860
64964799
700960969
598915197
991055505
824554568
715109370
686539190
568042850
770827891
182316390
302976825
902443675
963879228
519885504
96357563
620965113
545763324
958079325
72868191
60783204
159143100
34315364
865078278
493673818
365862334
378575936
297038870
216831300
915513749
370246540
639165328
285511303
556502610
85453702
647553647
991849091
723548376
634378083
284264178
670820080
562029394
510626513
836036799
129733624
887522491
501165088
418951009
870470172
630016466
928634529
921931599
222771520
633429131
898110527
514392673
766221347
264188438
500959395
728400393
5603250
39343640
637593677
106799551
336167099
988732508
811832831
528262931
598490952
369734483
484471385
894654556
851282167
882201753
604829698
131819496
643880549
698460059
424177367
888876737
580623161
320714098
782927515
754094397
432644284
284773174
228690798
955316279
782277359
137579932
45052149
720838490
374073389
941423949
394829103
315496822
439991749
364179459
593497827
632859180
849840994
985177095
359905756
5347424
335635638
801771783
626234197
509311031
441746806
685330993
63888377
504148426
17309947
228745449
820572846
754029577
687003151
844363634
52029490
728705058
628241394
358067789
824993852
301584894
454084250
871340559
541837068
492406302
217288890
345043728
513333438
667098385
278437349
718509566
857069627
408241335
109155193
24942698
96822409
997483595
132665743
204303269
645770138
658216077
196473267
799356919
480020441
572790117
833674211
409433323
732697128
775107756
300151473
906754755
712073185
175416525
531991422
967921852
985846497
689992647
267766960
514657844
590106371
553879622
952728976
29685061
925354393
477554326
267608160
780472495
838763677
522617655
423096506
805293459
104715437
853291986
23940900
311796807
697678358
443200427
43599352
68610378
104531461
407760183
924033302
825841716
559537421
461257832
132752433
855360865
739953422
397448518
118164308
726157979
709674257
534693014
279775208
750318249
852112362
616549083
342291418
868933740
621264389
485006889
999915537
764993136
567664746
812636721
623121462
783006954
565789457
399700263
121970402
501348921
688575018
684899377
638480184
988895897
654760151
21849374
125550743
853711591
638771428
963903412
605350993
483848046
421029554
480055424
293244895
376336213
513965024
96275490
282773910
915929222
529709367
886593076
859955923
31759514
798293680
449218355
429076823
298511570
938294274
947225523
445863226
418044058
283575563
626284136
684609595
286471664
982494969
50573600
14840215
734685756
389736226
277474261
606306531
196844829
181131920
622343563
374294694
965540079
183824678
763820230
901536393
957212496
155534989
930928783
369347650
242710566
679111851
500528334
275205124
222716726
296518399
645714134
706491905
414306280
34370754
975279185
223600878
929202085
947770389
38060303
320497381
45336442
821953291
453628026
281970072
247065064
113455660
295312455
332035713
997793723
548257302
551265721
403826992
725641751
345712375
532469055
113904077
903083662
451965736
254037509
73544888
749242077
672032823
53257534
390550185
682459299
540099609
709650569
197238241
147538085
933651456
44680674
102986962
5877707
484381628
634016896
440498734
692102659
219184521
517821191
608352457
373329690
624488125
41681055
298920747
602743754
2387493
115737205
900708284
517099408
415429371
893247319
225304239
489912154
433526395
203421282
898484281
33137778
525127192
804997435
57931005
718090703
831045197
668808401
1736584
424049454
983319470
17085253
944859753
750693077
952018705
351510124
622052481
862701500
320688028
91580901
512765602
220600671
224531741
944591176
138576063
220655134
576921585
812959984
449279578
714615627
738066726
161965657
264438416
908340470
995515902
298223933
170509463
634563338
392904781
492368908
988018751
603228184
820171847
933992125
779968555
251324365
234507141
913832453
204095909
173027436
786782122
951034520
884510509
384050528
758533917
472626537
289767330
802326543
598608934
404231267
476795733
350507390
13807396
135450072
175856447
976878421
777353235
20554268
400617365
876219234
723802918
572441955
709338314
966951782
583665081
141637992
632175151
438537453
506473983
750894071
834500117
320726219
606407087
928016765
197853411
926613589
377107349
862508316
239469728
133604438
361580255
274253563
505317084
9655912
926258520
530680197
455789046
509452285
849753040
541579545
256787611
325555205
523535843
669042931
234170560
920304801
503805529
666940629
433412201
769412918
151819733
565174534
772062019
898310019
987084407
517070167
897184400
126691766
76832525
72007432
282920343
810581111
495476879
844254523
565263510
233900697
57621931
515709979
288437957
96639561
139850373
72864876
650114346
943776106
109515907
202956351
492686786
936884057
686033859
748757190
991854923
783094449
40690224
529030919
792870836
353932687
805684050
181416937
660683625
22997207
343980425
97083406
939845283
306714298
247991227
51521311
683668420
40388624
671001984
241475222
345729662
324982221
964400565
108873592
460060902
368509222
256457888
754854396
238589727
693012797
424411775
906407263
952737346
803853483
675376624
381305239
796523918
499843891
56450990
141735896
576294712
530095466
817046071
432553549
471949384
354839857
488315414
946825171
130021503
992959106
920685421
889112075
185573708
744683245
652667390
263946888
860295362
696660979
927111780
400043217
529631436
604333944
217275879
925533078
211078992
776089367
455121218
883280921
402743086
856357037
553299966
826071032
481767723
472258523
215346661
952374308
544879727
542311972
216492107
118022300
241058819
151522256
632565878
504134550
543352557
428893223
581360539
644098814
118141059
143122501
124651704
508657467
891380769
977255489
981295495
698841064
800952740
708166216
138339011
800913979
559515873
135168169
416957348
433956473
196486861
769007602
299356097
425891837
406735789
72258247
187354726
398043370
995832189
654044484
390580344
655105576
474152753
513398443
676662159
641892857
451392685
809850348
443938083
320568565
891928330
576894542
911068057
518596374
650208003
71309104
585976943
288441734
436591042
768051509
278218146
962767234
323414775
447306662
28341861
815411748
728485052
439133575
785238995
441382038
826908074
407138191
472031619
415156747
905307917
662667842
314694600
289903496
734160982
505603121
397152397
425835404
814019072
382238400
886372290
431755460
103609552
532602432
451803935
53950244
17854552
327379695
907033969
33251312
887961850
647539453
524530458
793649467
590316084
693790653
103253280
840539709
199567148
183835669
649008646
752580467
369891617
242831756
259315940
256802053
208957083
165350917
454372828
80212434
942792173
818367002
427510067
520748147
894359904
226986671
81302417
390081210
990297145
145885988
393220407
812647474
178303140
744605691
43226388
273587026
4894548
434538609
903594435
712348635
538109612
84863275
783419612
855246791
911395282
640440139
68572312
705269650
971377164
806567080
381667936
84059996
246578128
32330754
816943448
388502010
804243846
356520672
877909331
408034717
886861636
292194737
287939049
198037696
866781586
755777326
1329039
523127046
181407979
643607119
183184403
249544098
718414976
250747206
799368490
529436545
225408896
391328337
814148934
692075613
403321973
144453625
15424646
483219379
868971204
854938493
831463125
77757236
197875584
248758173
467378829
689010677
442878240
473015555
598338102
781232609
938608451
34897235
751546811
809546974
748451186
700727725
816922275
945693042
255238481
149885538
771920379
208835745
857768968
810037504
656203445
310291916
494345699
259589703
478251781
259014454
548448611
297193274
266962105
754932979
187156241
986315539
520632950
865523432
465406075
454094171
52134522
768677449
78704864
218586906
340393346
382079341
558363153
81542914
596354419
107762480
536142052
96507591
601719722
116526983
288155645
938437075
90322894
49864573
532616716
524656805
378807115
989229663
542174989
333187939
872327040
125454815
553198460
131114766
434348344
516144047
973432825
188490251
161719583
304412362
998092541
786769238
160304419
387024531
265109480
238637695
190055348
871024366
816865676
13590523
552611013
853285765
136722232
50586654
989566412
511166760
189959782
354186558
947715837
359578207
969689483
325784942
654976509
437095725
419991233
556645489
622485300
388730292
865494614
271592406
227967617
708815186
992397036
316511110
526761307
735724727
837881045
408352611
319029131
810394955
345376400
152340938
695845471
717908028
848694836
86346640
38861996
715008487
716172883
141033525
153610683
167556054
42882759
780696929
239726944
83638757
579920880
731882756
515267906
819777789
364457650
902307184
37496583
19343275
335423485
817174840
831789992
457276358
302153169
422604154
885297452
175360981
61995389
935037443
628910167
100009288
10382816
340927375
390592560
802964114
550630271
904171347
467268231
292652297
189988836
527932069
585601163
892761592
485867314
279679031
346474029
77745062
912716975
501722127
807953540
893915114
401651756
250909782
944705304
605611111
882141720
342722211
648067968
571438014
267038166
566451996
147387396
568366555
675307787
495230818
293315021
512404324
139506763
248060309
374935438
816551494
632813710
896520613
924849320
403502736
458229543
825062736
457364400
897318199
889867588
410582823
526441852
813683899
248660693
396568019
972004676
16114833
81243934
861485323
50072180
574243139
924105953
620175541
559249913
801727422
461193868
41374452
467503979
613619938
198534610
726339384
866679909
55196870
294110756
674082415
580667477
738563660
586214553
614458721
674407164
295718980
614236865
98538748
988890708
19059970
140982507
638419945
524440587
68300773
806260932
317473220
687070440
256497607
449153892
774896007
558168126
81292984
661973964
338868077
200079552
778114496
397309803
552451453
838922918
499840868
42073553
936027338
910902424
951893338
503977428
435872210
124331513
732924321
788648484
257482892
962292569
169650469
422124421
845457300
856672389
622393403
398983068
697833971
426466910
225424489
724241324
38924818
777985159
737951817
612841056
634516720
122309709
953679807
727117990
496499349
720649723
690825655
108643112
887784153
753884420
105464931
665645545
937714502
981878868
584733588
385811015
100677798
578968941
23458153
524808128
625960646
531748917
976807077
487695998
904915644
94613096
366690618
135477230
923103230
831804634
428544750
547152723
685563179
722893125
788858741
364375389
871442448
564202513
525689576
414542245
909645842
832422114
496998960
373182783
172854570
26963461
878308356
800948973
803731959
50304572
141419988
841458923
124619699
507983883
83193255
928390033
143369879
534667893
662535654
957540283
178685906
454651314
566684093
621064611
220373369
792315711
661660492
484735558
470695467
725676594
104769550
348313747
824765718
471754742
756118385
284217067
314803421
275006600
926925684
909021492
603330047
953438585
959134281
99106503
408397507
98590306
413471192
289429903
368781453
753803589
555100546
356744954
595328155
365553659
298806313
147035022
70437750
689256200
169457437
207964939
916421114
488244691
658564381
460449106
636368597
650014693
607785143
257158474
88463163
226380796
194465054
555343516
466080848
630705800
590598944
123179657
605957991
818513624
68277153
776086576
854638332
968066099
671111552
342848266
197378242
304882274
597177421
692901876
815860742
316104696
607453793
606164491
589048461
61273158
117761782
386697634
87973573
816648774
659064371
355979598
400793544
894057359
456499461
50084881
573134951
492260150
232367133
752785028
825542134
753734443
191537133
279138271
97777224
137126183
315092697
583135242
98942085
649663111
326426717
193398695
270379325
667822735
186194099
298142018
718789324
112717271
433489335
356897443
754363590
727433433
174631360
680637812
574658233
489341272
403674252
19862341
68853842
583246657
338620876
803397243
941229793
583140151
721282204
718176628
887465359
48174320
603672096
936243912
299051889
580276929
543970982
299869865
973990220
842339211
809562343
607324435
307903320
832895069
236871936
840906854
939651533
837802959
951519755
123865986
497599263
274668287
255971729
330180262
346494317
66704269
237992213
959577740
10786234
777346529
894835404
278442653
493584418
803663190
338786310
117206592
973865460
41359873
553614313
940576776
698743183
235515049
400905469
336219851
438463257
761361137
111615714
83966130
648624281
503422528
932716636
898487476
833077747
80692356
167921079
953417976
109214546
732500722
365531770
777889088
545575315
697428179
681736233
721283815
561909433
661364850
551895575
171763744
940655889
561340862
978028890
138322987
751437985
926831638
28431418
611037023
285332637
439640011
538784885
952749999
6324366
746149283
168368116
219366558
912740379
8385589
558922756
481175756
140608420
930009005
526739063
688148330
290236991
464056927
288311188
390561354
189138744
311158437
550431936
375361982
745439363
634575735
396934896
963174737
675511691
594264633
172463091
955640293
399931745
692461164
814241990
234752380
479832047
188396123
787738035
905242982
384181475
229825
923618586
665461384
481542359
684792286
189636871
738289648
435055908
956460453
141136483
602252762
923310250
283153139
760572680
706340929
694506870
178769614
922024543
496711499
425274020
12118695
134334294
620227221
410856749
329702348
673314414
864009729
857806297
254114325
279242951
365716249
743242601
665939327
31807331
540974181
880085573
693034560
389206318
248397022
601252636
284949189
259253524
838206519
797346372
812005480
924996350
241003792
368057888
914260019
285970412
461348526
405045927
949646422
757564450
533506100
563871440
945340474
284360776
333994560
761205300
818983409
982427501
673156841
51752828
335415851
530714889
869238717
130257971
483739650
906304533
741026320
974542812
951910765
86839669
354568506
331936666
634338675
474283988
809370626
534425190
118001916
641781587
156546286
641055294
405323772
407240314
538527950
473394036
663792931
493501134
351013652
640205973
87346068
247733681
248159537
856910180
759413286
504213692
940380688
553490287
711410788
439604390
540035897
190806429
479160722
807830234
300765392
480591970
388119437
186738517
24229280
233981958
353755646
913756384
91741454
858937031
840395785
520390819
349165681
365965086
266396128
810232584
173947838
108668704
731392648
150587175
19781035
622897155
364040309
244372723
886736447
279048193
584386831
310734361
15784487
520763988
877562115
960821965
939012416
915004361
478826198
198547929
649426637
206165686
393530606
667403414
605931121
147566382
512052981
955460408
921594509
820530045
474993261
640908215
849202074
88969039
52445512
347741071
834889152
296446758
629418892
763880199
374875501
952807592
458147294
784389619
287947939
12617550
826747171
353332360
68849814
61061985
410514900
791875997
800426297
382542375
603562181
33001833
544016091
176792637
675392058
252773573
976609434
267221200
20771997
610571550
807224924
224425558
922058949
531042815
72259420
450016032
93638009
891483550
306430101
143251145
486051088
592837138
788643898
573289854
999333672
409115861
66231126
631160460
149216171
889632719
807729621
970157156
9416065
33704532
598753039
661363022
605666460
68528383
633505495
293434767
983180665
359442225
123576972
92986106
732379271
129657843
464814396
267422925
389972252
908097920
636472043
12023081
90483935
170165058
649728962
250316152
988714855
283438253
407231148
406895345
536177794
406732273
132213579
323246650
814818209
748222527
644564265
448117345
541778385
627591595
574546103
332267126
633785777
851111681
953881263
682547648
481041909
677148853
747470325
313882510
645123277
870584652
92724840
696921668
537893254
538950444
204002726
102575509
414120480
149751799
348636593
311504974
369254487
37172222
662642486
741519274
356237265
502708622
665642412
114771930
487696110
780056127
