44311441872
-1
-1
-1
41052481824
46692507148
46326033000
-1
-1
-1
-1
46078096590
47710700956
42386623800
-1
48111974756
-1
43903415000
46128356046
-1
-1
45253323376
-1
45544995742
46136232320
48241809160
-1
-1
-1
-1
49583919880
44177785158
39511791186
47594716022
43481937360
-1
-1
-1
-1
-1
-1
-1
-1
-1
-1
-1
-1
43549792414
-1
48655718250
39286912244
42418368380
44082254930
44096010208
50341884154
-1
41662118420
-1
-1
43358473112
46311221248
43631981966
49526943506
-1
47130745068
-1
-1
46991314142
46743841640
44053526696
40844472242
48883246976
-1
-1
40365226462
44945685448
42640481822
-1
44797021444
45235154706
47928243502
-1
41081692260
49674684348
-1
-1
-1
-1
-1
44557636522
44917888574
-1
-1
41131728394
-1
-1
41163676288
45684194416
-1
-1
