43174911122
-1
42193902822
-1
47882535322
44946193206
43039216960
39151602434
-1
47370314240
-1
43698404958
35936566922
47326243252
49206022230
-1
-1
40863547342
-1
41637564162
45825863512
-1
46627090050
40795302006
41384786778
-1
49253523582
-1
-1
-1
37968674242
44069204862
-1
-1
47038380550
49790218450
-1
-1
47770702988
48007280480
43811711658
-1
-1
42747830350
-1
41578113598
40610088586
46705184930
-1
42455286502
39623950124
-1
44358328318
41775748648
-1
48573084296
-1
-1
40539024472
-1
-1
-1
-1
42136112730
-1
-1
47451573166
48448989052
43982645758
47565547036
-1
48287747730
-1
-1
-1
42657395888
-1
-1
52884743932
43820992218
43633993042
-1
-1
-1
41133751484
-1
44370408946
-1
-1
-1
43279362914
-1
47367993262
45456377520
-1
45614996776
-1
-1
42967323462
43306674354
