-1
-1
49305987958
50200377436
-1
-1
-1
-1
-1
42277068942
-1
41586503032
-1
46002056698
53289299676
-1
-1
49526286116
44971010032
-1
47545972564
44696713750
50674142364
-1
-1
47501992504
-1
-1
-1
47698782036
-1
48204406578
48394871210
-1
48362153606
48347499228
-1
-1
50581756130
38149354160
-1
-1
44782884220
-1
-1
-1
-1
-1
44511480620
45308135368
-1
-1
44685565640
41717615458
-1
-1
48970093052
46924378048
-1
-1
-1
46781915366
-1
-1
-1
-1
-1
-1
43861207596
41284576756
43989658162
-1
45704480372
-1
-1
-1
-1
-1
44498718338
-1
48059065938
41214058734
-1
50251076834
-1
47690497826
-1
50678970446
37532510346
-1
50432031442
-1
-1
45363709136
-1
-1
41601279086
48846404774
-1
42950240616
