-1
-1
-1
-1
-1
52668777902
-1
47726822744
48754044694
-1
-1
-1
-1
47428396122
47245762550
50057121612
40792585170
-1
-1
40131391704
-1
-1
-1
45392733220
-1
46576679354
-1
-1
55519422596
-1
46464674168
-1
-1
-1
-1
-1
40816795492
43899757980
48637045700
-1
-1
45493509474
-1
-1
-1
-1
-1
47400314452
44051867086
47367788390
-1
-1
44421036708
45737502896
-1
-1
-1
47564472794
-1
-1
-1
46660069906
-1
-1
50058356212
-1
-1
-1
-1
50312913708
49558957842
51253316808
45083722488
-1
-1
-1
-1
-1
43537241978
-1
47259092986
47304860954
50598391976
46871070490
42192201644
50214724300
45976741470
-1
40605576722
45686705206
48554850836
43583384448
41940365162
-1
-1
45871343032
-1
-1
-1
-1
