-1
48771321020
42217120964
-1
49591730436
-1
-1
-1
-1
-1
49733316888
-1
49491732796
-1
47105070008
-1
47541182750
45022906978
44349320960
-1
44483071882
49726845974
-1
-1
48795890654
-1
39570253832
-1
-1
-1
-1
44257275014
-1
-1
45793558328
46907574754
-1
-1
43350271220
-1
44333519268
-1
-1
-1
-1
-1
-1
42652141378
43861963594
-1
41065700418
52742904186
-1
48997665852
43926164356
49101112882
42873440848
45099688060
-1
-1
-1
-1
45119370506
-1
-1
-1
45539162194
-1
-1
47837073434
47218636174
-1
-1
42163719976
45438674134
-1
-1
-1
-1
-1
-1
-1
-1
-1
-1
-1
-1
-1
-1
-1
-1
45856898336
-1
49307456926
47998786082
47891573618
49643336880
54335216708
-1
-1
